-71075
490 479 66
50 374 65
232 22 60
203 426 59
299 207 59
315 169 59
271 349 56
229 317 56
108 379 56
463 401 56
440 485 55
197 385 55
214 349 54
266 21 54
417 149 54
148 56 53
100 188 53
311 214 53
214 374 52
300 136 51
397 392 50
144 249 49
35 254 49
494 10 48
267 260 48
174 462 47
91 235 47
94 239 47
91 498 47
391 398 46
108 71 45
177 235 45
344 256 45
94 90 45
403 46 45
286 430 44
89 191 44
178 90 44
216 301 44
398 374 44
148 208 43
185 317 43
220 113 42
476 443 42
43 61 42
305 485 41
192 28 41
91 418 41
170 86 41
242 249 40
408 85 40
203 346 40
326 408 39
220 306 39
43 218 38
275 303 38
157 16 38
51 484 38
270 234 37
483 56 37
276 195 36
431 261 36
1 38 36
102 317 35
164 320 35
314 220 34
171 319 34
260 32 34
498 126 33
150 360 33
476 479 33
213 396 33
339 479 32
167 396 32
37 319 32
282 284 31
155 412 31
277 448 31
301 359 31
72 460 31
98 319 30
477 207 30
69 188 30
11 460 29
305 378 29
295 185 29
7 487 29
143 154 29
222 232 29
221 345 28
298 232 28
451 471 28
119 196 28
74 165 27
379 191 27
147 401 27
185 56 27
43 484 26
487 25 26
494 408 26
309 189 26
351 280 26
185 460 26
329 354 25
299 361 25
151 370 25
263 385 25
208 264 25
35 272 24
116 325 24
329 316 24
295 375 24
390 448 24
209 220 24
245 359 24
178 70 23
340 348 23
389 60 23
226 395 22
282 327 22
100 402 22
157 117 22
51 456 22
287 58 22
26 173 22
491 10 22
226 274 21
145 76 21
139 264 21
34 329 20
311 417 20
291 319 20
480 261 20
241 149 19
302 165 19
353 385 19
193 355 19
54 155 18
53 41 18
356 420 18
114 281 18
159 359 18
219 2 17
148 420 17
273 162 17
164 124 17
39 85 17
354 244 17
349 88 17
193 8 17
42 138 16
495 244 15
210 287 15
295 9 14
282 348 14
441 197 14
372 52 14
159 15 13
379 462 13
343 191 13
493 347 13
34 367 13
129 44 12
433 57 12
192 426 12
192 304 11
394 335 11
205 241 11
314 263 11
94 237 11
472 303 10
160 471 10
74 25 10
6 437 10
139 376 10
421 498 9
463 291 9
438 460 9
478 304 9
129 81 9
21 10 9
295 57 8
34 243 8
410 209 8
151 465 8
170 297 8
11 30 8
193 252 7
371 446 7
285 427 7
353 67 7
204 405 7
311 26 7
267 56 7
135 371 6
163 60 6
129 415 5
279 200 5
328 414 4
95 236 4
407 360 4
115 369 4
341 370 4
253 15 4
89 106 3
299 340 3
43 46 3
403 306 3
144 443 3
129 177 3
103 263 2
205 284 1
141 38 1
208 40 1
429 490 1
209 377 1
95 71 1
297 455 0
120 196 0
174 183 0
487 202 0
115 48 0
255 439 0
242 435 0
146 272 0
368 408 0
394 377 0
197 299 0
356 205 0
492 341 0
199 289 0
315 284 -1
184 194 -1
73 429 -1
366 208 -1
179 148 -1
497 109 -1
498 96 -1
402 253 -1
176 131 -1
364 341 -1
230 404 -1
404 339 -1
54 493 -1
143 379 -1
250 497 -1
97 427 -1
195 51 -1
483 174 -1
489 11 -1
301 458 -2
72 316 -2
483 34 -2
309 93 -2
142 198 -2
286 371 -2
96 17 -2
28 451 -2
342 269 -2
72 97 -2
419 319 -2
291 84 -3
101 25 -3
411 305 -3
496 217 -3
206 357 -3
267 411 -3
400 216 -3
132 8 -3
181 43 -3
420 489 -3
291 455 -3
447 336 -3
367 133 -3
383 456 -3
242 180 -3
399 251 -3
29 478 -3
313 441 -3
82 124 -3
92 51 -3
286 429 -4
331 447 -4
22 366 -4
185 180 -4
423 10 -4
118 421 -4
131 120 -4
460 32 -4
34 475 -4
326 483 -4
213 472 -4
314 27 -5
341 394 -5
485 212 -5
237 490 -5
193 223 -5
381 450 -5
279 237 -5
89 84 -5
476 427 -5
224 231 -5
411 124 -5
193 297 -5
127 450 -5
220 480 -6
155 150 -6
461 299 -6
251 247 -6
470 68 -6
312 351 -6
0 91 -6
379 331 -6
46 230 -6
403 40 -6
78 20 -6
343 42 -7
199 168 -7
403 236 -7
38 222 -7
42 282 -7
299 451 -7
340 385 -7
26 323 -7
352 362 -7
493 48 -7
452 183 -7
205 435 -7
385 162 -7
429 115 -7
146 227 -7
165 298 -8
137 274 -8
131 251 -8
242 90 -8
464 441 -8
433 137 -8
384 97 -8
267 210 -8
3 187 -8
178 114 -8
218 383 -8
120 135 -8
234 309 -8
328 82 -8
165 98 -8
229 116 -8
473 62 -9
293 455 -9
157 402 -9
209 49 -9
348 329 -9
290 345 -9
443 377 -9
444 58 -9
197 5 -9
189 72 -9
429 368 -9
52 29 -9
463 287 -9
218 424 -9
244 48 -9
328 103 -9
374 372 -9
374 15 -9
69 451 -9
218 0 -9
127 178 -9
497 216 -10
43 89 -10
308 340 -10
169 190 -10
469 161 -10
245 302 -10
107 134 -10
148 110 -10
131 292 -10
24 489 -10
437 115 -10
68 315 -10
10 285 -10
44 236 -10
444 231 -10
85 220 -10
361 149 -10
223 87 -11
423 361 -11
440 304 -11
404 6 -11
62 401 -11
285 257 -11
61 36 -11
159 107 -11
5 401 -11
88 353 -11
28 328 -11
322 258 -11
396 496 -11
357 102 -11
449 374 -11
208 304 -12
360 247 -12
350 82 -12
69 135 -12
19 41 -12
459 38 -12
466 476 -12
286 39 -12
494 98 -12
220 467 -13
57 214 -13
256 46 -13
381 3 -13
344 395 -13
471 351 -13
232 487 -13
434 120 -13
89 349 -13
34 191 -13
40 367 -13
92 18 -14
50 218 -14
262 240 -14
242 339 -14
316 273 -14
345 363 -14
125 418 -14
133 247 -14
316 120 -14
112 477 -14
346 274 -14
364 60 -14
498 231 -14
54 26 -14
229 273 -14
135 96 -14
311 400 -15
152 429 -15
187 429 -15
272 247 -15
61 449 -15
449 52 -15
373 92 -15
260 381 -15
325 163 -15
398 57 -15
85 274 -15
241 138 -15
374 50 -15
354 478 -15
15 52 -15
419 214 -15
444 249 -15
311 150 -15
245 386 -16
68 153 -16
430 135 -16
110 45 -16
19 168 -16
225 303 -16
103 189 -16
481 31 -16
0 206 -16
261 234 -16
499 169 -16
288 190 -16
43 118 -16
232 249 -17
281 393 -17
361 329 -17
133 162 -17
255 459 -17
464 142 -17
1 356 -17
25 40 -17
303 177 -17
308 360 -17
278 139 -17
69 369 -17
236 277 -17
61 318 -17
145 154 -17
470 154 -18
396 164 -18
469 306 -18
162 54 -18
440 281 -18
24 231 -18
335 148 -18
96 426 -18
42 65 -18
482 173 -18
3 388 -18
468 372 -18
234 140 -18
498 499 -19
179 58 -19
97 390 -19
87 289 -19
40 361 -19
235 84 -19
260 97 -19
212 417 -19
327 190 -19
124 491 -19
128 9 -19
292 244 -19
7 260 -19
109 255 -19
348 283 -19
184 48 -20
182 482 -20
45 301 -20
386 227 -20
115 257 -20
19 352 -20
126 257 -20
397 278 -20
191 368 -20
342 73 -21
409 215 -21
427 193 -21
486 131 -21
16 177 -21
103 150 -21
366 218 -21
460 469 -21
417 134 -21
310 470 -21
133 489 -21
213 431 -21
343 89 -21
177 171 -21
415 200 -22
4 378 -22
413 411 -22
429 376 -22
249 426 -22
212 217 -22
206 295 -22
140 406 -23
379 493 -23
115 1 -23
39 87 -23
341 41 -23
274 248 -23
458 374 -23
410 292 -23
36 239 -23
40 78 -23
32 212 -23
112 370 -23
23 265 -24
312 431 -24
286 320 -24
93 163 -24
205 310 -24
122 103 -24
488 338 -24
306 24 -24
159 343 -24
88 245 -24
373 172 -24
108 186 -24
398 13 -25
335 248 -25
333 168 -25
246 59 -25
25 375 -25
239 294 -25
245 486 -25
423 355 -25
6 131 -25
3 488 -25
276 445 -25
333 176 -25
349 108 -25
237 196 -25
218 263 -25
253 162 -25
365 470 -25
104 419 -25
194 362 -25
215 27 -25
278 482 -26
444 113 -26
266 445 -26
95 486 -26
478 161 -26
478 393 -26
259 184 -26
451 246 -26
323 434 -26
98 63 -26
174 463 -26
342 12 -26
61 122 -26
354 7 -26
200 135 -26
365 322 -26
144 90 -27
448 371 -27
236 112 -27
481 103 -27
56 227 -27
252 319 -27
269 418 -27
108 485 -27
29 308 -27
290 312 -27
223 290 -27
284 479 -27
72 424 -28
413 24 -28
74 339 -28
163 236 -28
381 36 -28
306 433 -28
246 376 -28
301 239 -28
298 316 -28
436 400 -28
60 51 -28
495 92 -28
496 354 -28
328 100 -28
398 433 -28
306 315 -28
214 33 -28
69 59 -28
362 267 -28
108 310 -28
193 85 -28
397 335 -28
485 210 -29
118 413 -29
240 341 -29
430 87 -29
24 313 -29
230 400 -29
450 396 -29
448 109 -29
495 465 -29
400 252 -29
432 401 -30
171 352 -30
140 467 -30
366 432 -30
470 443 -30
277 477 -30
146 111 -30
375 173 -30
2 438 -30
18 448 -30
443 81 -30
276 201 -30
301 368 -30
162 319 -30
114 375 -30
417 101 -30
164 445 -31
372 209 -31
313 302 -31
489 175 -31
39 191 -31
3 428 -31
242 254 -31
60 161 -31
293 163 -31
390 146 -31
429 304 -31
442 99 -31
337 398 -31
429 355 -31
220 246 -31
59 43 -31
400 184 -32
225 484 -32
92 432 -32
222 45 -32
398 400 -32
339 391 -32
98 100 -32
186 60 -32
295 238 -32
32 394 -32
141 351 -32
187 384 -32
496 209 -32
85 300 -32
469 493 -32
442 447 -33
156 388 -33
356 70 -33
192 322 -33
462 213 -33
69 468 -33
415 54 -33
239 330 -33
214 496 -33
137 224 -33
270 385 -33
434 182 -33
384 347 -33
26 113 -33
289 115 -34
139 469 -34
138 475 -34
111 154 -34
74 233 -34
479 421 -34
217 182 -34
233 153 -34
336 171 -34
69 48 -34
294 157 -34
430 499 -34
110 348 -34
217 213 -34
128 191 -34
407 380 -34
407 381 -34
177 329 -34
387 192 -35
195 18 -35
388 106 -35
6 292 -35
212 322 -35
328 329 -35
393 197 -35
462 299 -35
369 75 -35
74 445 -35
486 373 -35
76 20 -35
80 195 -35
315 437 -36
31 73 -36
76 478 -36
201 479 -36
105 211 -36
221 98 -36
90 147 -36
105 177 -36
394 11 -36
281 296 -36
43 425 -36
43 313 -36
210 475 -36
374 95 -36
431 36 -36
223 83 -36
360 457 -37
290 424 -37
29 429 -37
359 444 -37
34 497 -37
226 283 -37
376 334 -37
200 47 -37
85 79 -37
460 172 -37
329 491 -37
301 322 -37
453 58 -37
397 381 -37
251 136 -37
426 295 -37
492 496 -37
372 336 -37
385 250 -38
68 368 -38
362 74 -38
18 83 -38
13 83 -38
170 204 -38
357 184 -38
15 328 -38
466 75 -38
76 197 -38
257 442 -38
345 52 -38
41 95 -38
222 216 -38
328 435 -38
7 419 -38
115 121 -38
134 158 -39
134 424 -39
195 402 -39
443 469 -39
116 91 -39
394 494 -39
252 22 -39
298 7 -39
441 116 -39
286 266 -39
119 58 -39
257 41 -39
292 232 -39
5 69 -40
496 266 -40
89 485 -40
47 105 -40
81 136 -40
45 235 -40
241 284 -40
236 333 -40
387 269 -40
199 463 -40
259 185 -40
483 12 -40
401 197 -40
442 152 -40
385 249 -40
265 326 -40
79 104 -40
286 186 -40
160 159 -41
204 114 -41
45 206 -41
387 99 -41
344 367 -41
58 322 -41
60 108 -41
359 464 -41
27 19 -41
395 26 -41
278 470 -41
474 44 -41
81 311 -41
76 467 -41
114 1 -41
327 132 -41
238 326 -41
477 200 -41
267 125 -42
173 248 -42
293 370 -42
381 352 -42
388 215 -42
13 192 -42
85 395 -42
196 397 -42
256 437 -42
343 423 -42
291 313 -42
418 118 -42
205 44 -42
450 354 -42
48 349 -42
191 177 -42
115 155 -42
434 332 -42
436 362 -42
474 323 -42
55 0 -42
23 146 -42
439 344 -43
74 295 -43
184 434 -43
106 379 -43
365 461 -43
469 437 -43
451 152 -43
8 345 -43
113 427 -43
74 81 -43
139 415 -43
221 350 -43
10 455 -44
190 151 -44
3 41 -44
324 120 -44
122 344 -44
66 95 -44
35 474 -44
291 126 -44
25 497 -44
410 17 -44
107 413 -44
115 495 -44
410 194 -44
269 32 -45
296 243 -45
251 78 -45
354 373 -45
252 279 -45
284 361 -45
219 116 -45
227 354 -45
103 81 -45
206 146 -45
219 316 -45
378 230 -45
127 294 -45
168 454 -45
340 466 -45
438 119 -45
79 358 -45
185 179 -45
55 428 -45
468 421 -45
430 278 -45
120 87 -45
56 70 -46
10 288 -46
195 161 -46
360 349 -46
260 231 -46
173 249 -46
302 179 -46
489 158 -46
7 289 -46
241 392 -46
60 184 -46
71 473 -46
204 103 -47
447 131 -47
463 113 -47
412 271 -47
239 207 -47
38 42 -47
298 495 -47
466 327 -47
386 35 -47
403 7 -48
259 130 -48
310 199 -48
255 245 -48
421 283 -48
447 95 -48
338 44 -48
436 418 -48
340 488 -48
50 192 -48
214 262 -48
76 77 -48
41 432 -48
433 430 -48
334 278 -48
413 121 -48
324 255 -49
237 199 -49
157 10 -49
357 276 -49
404 128 -49
89 491 -49
291 220 -49
111 7 -49
105 343 -50
166 31 -50
359 32 -50
144 199 -50
239 21 -50
210 252 -50
312 203 -50
399 312 -50
494 269 -50
410 394 -50
274 451 -50
310 264 -50
337 372 -50
24 404 -50
295 293 -50
397 337 -50
242 357 -50
383 192 -50
444 223 -50
432 195 -50
314 246 -51
18 199 -51
88 39 -51
84 470 -51
185 399 -51
306 20 -51
493 143 -51
387 247 -51
341 224 -51
81 300 -51
355 264 -52
148 180 -52
55 332 -52
60 42 -52
346 23 -52
234 459 -52
293 8 -52
150 441 -52
130 71 -52
398 55 -52
24 151 -52
60 229 -52
25 61 -52
85 251 -52
375 183 -52
446 90 -53
235 452 -53
174 163 -53
248 400 -53
222 279 -53
52 31 -53
242 297 -53
235 138 -53
1 400 -53
216 395 -53
307 200 -53
275 26 -53
188 450 -53
112 271 -53
157 280 -53
339 383 -53
1 278 -53
454 166 -53
497 86 -53
390 200 -53
143 444 -53
318 414 -53
355 463 -54
12 151 -54
79 221 -54
377 5 -54
455 93 -54
170 269 -54
62 428 -54
314 79 -54
113 79 -54
127 94 -54
311 419 -54
453 279 -54
463 365 -54
155 444 -54
120 71 -54
5 326 -54
211 182 -54
180 495 -54
49 82 -54
492 66 -54
385 483 -54
256 371 -54
109 256 -54
195 317 -54
113 335 -54
46 328 -55
64 42 -55
416 236 -55
16 461 -55
294 107 -55
74 449 -55
71 9 -55
178 292 -55
13 322 -55
468 235 -55
433 494 -55
122 271 -55
127 51 -55
370 11 -55
148 43 -56
80 114 -56
30 24 -56
17 294 -56
410 140 -56
200 161 -56
82 188 -56
303 109 -56
44 35 -56
74 28 -56
399 324 -56
162 121 -56
494 106 -56
165 215 -56
466 283 -57
417 9 -57
332 143 -57
38 65 -57
436 216 -57
240 66 -57
327 2 -57
460 326 -57
311 410 -57
370 222 -57
349 83 -57
149 137 -57
90 313 -57
335 421 -57
480 345 -57
309 204 -58
221 119 -58
129 413 -58
117 171 -58
351 318 -58
57 280 -58
293 215 -58
189 384 -58
397 362 -59
207 190 -59
425 5 -59
230 225 -59
427 498 -59
318 446 -59
193 373 -59
208 411 -59
487 474 -59
423 454 -59
13 312 -59
267 128 -59
118 464 -59
315 393 -59
377 483 -59
393 287 -60
78 173 -60
313 451 -60
442 325 -60
248 251 -60
42 494 -60
102 484 -60
133 355 -60
313 29 -60
328 378 -60
100 332 -60
461 26 -60
432 21 -60
48 298 -60
365 185 -61
147 214 -61
445 410 -61
283 324 -61
359 344 -61
224 10 -61
218 186 -61
184 2 -61
449 73 -61
327 457 -61
219 403 -61
5 468 -61
281 404 -61
407 100 -61
463 461 -61
290 333 -61
80 291 -62
295 70 -62
294 71 -62
124 11 -62
109 179 -62
315 65 -62
199 61 -62
236 431 -62
251 122 -62
326 341 -62
414 289 -62
49 30 -62
402 151 -62
18 481 -62
290 104 -62
313 68 -62
352 27 -62
164 453 -62
263 397 -63
167 39 -63
299 35 -63
461 53 -63
90 245 -63
367 177 -63
150 147 -63
424 13 -63
330 435 -63
25 15 -63
312 240 -63
427 268 -63
478 405 -63
157 337 -63
114 182 -63
357 73 -63
359 247 -64
463 428 -64
178 310 -64
55 76 -64
334 337 -64
201 174 -64
16 246 -64
388 79 -64
292 414 -65
349 190 -65
485 206 -65
79 24 -65
247 249 -65
153 30 -65
228 42 -65
291 334 -65
435 441 -65
165 175 -65
265 428 -65
158 476 -65
453 439 -65
337 184 -65
153 165 -65
90 202 -65
142 140 -65
479 282 -65
383 115 -66
186 54 -66
126 174 -66
464 74 -66
16 92 -66
122 45 -66
470 62 -66
428 278 -66
39 263 -66
365 384 -66
285 291 -66
408 411 -66
156 179 -66
420 199 -66
224 446 -66
331 256 -66
324 465 -66
222 383 -66
253 252 -66
473 26 -66
400 445 -66
370 180 -66
221 355 -66
58 279 -66
203 408 -67
45 316 -67
431 164 -67
392 189 -67
473 295 -67
154 14 -67
495 138 -67
445 111 -67
423 426 -67
481 183 -67
131 426 -67
35 109 -67
358 98 -67
148 9 -67
63 237 -67
395 356 -67
0 448 -67
351 309 -68
179 17 -68
12 454 -68
487 107 -68
465 402 -68
70 135 -68
199 328 -68
4 413 -68
123 366 -68
420 460 -68
52 436 -68
354 169 -68
405 79 -68
445 215 -68
299 76 -68
253 432 -68
452 407 -68
282 231 -68
477 486 -68
153 12 -68
262 443 -68
76 445 -68
309 132 -68
29 53 -69
83 339 -69
193 240 -69
331 249 -69
93 494 -69
20 344 -69
481 171 -69
37 317 -69
448 368 -69
58 183 -69
61 208 -69
376 393 -69
136 199 -69
227 318 -69
232 187 -69
428 85 -69
284 297 -69
245 460 -69
222 498 -69
394 312 -69
454 333 -70
263 376 -70
303 219 -70
98 195 -70
82 392 -70
85 362 -70
474 43 -70
325 36 -70
345 341 -70
383 58 -70
124 196 -70
195 140 -70
377 424 -70
492 391 -70
467 264 -70
496 390 -70
375 388 -71
22 79 -71
335 302 -71
405 383 -71
152 361 -71
46 466 -71
209 145 -71
45 471 -71
198 460 -71
490 301 -71
251 347 -71
73 93 -71
433 319 -71
354 490 -71
409 472 -72
481 295 -72
481 458 -72
200 205 -72
336 219 -72
305 384 -72
106 166 -72
341 466 -72
222 462 -72
492 333 -72
8 246 -72
330 16 -72
156 210 -72
392 121 -72
342 459 -72
370 378 -73
301 272 -73
32 386 -73
348 55 -73
378 121 -73
389 196 -73
428 125 -73
33 29 -73
0 494 -73
125 464 -73
54 96 -73
226 388 -73
471 4 -74
162 125 -74
260 373 -74
452 311 -74
392 417 -74
181 98 -74
349 253 -74
130 250 -74
142 0 -74
311 275 -74
419 4 -74
55 368 -74
399 35 -74
371 228 -74
236 442 -74
143 461 -74
491 362 -74
325 143 -75
391 178 -75
471 348 -75
233 435 -75
291 76 -75
98 325 -75
124 318 -75
217 64 -75
205 46 -75
495 413 -75
431 463 -75
471 350 -75
344 476 -75
25 86 -76
286 413 -76
327 382 -76
437 131 -76
455 82 -76
414 480 -76
312 33 -76
27 40 -76
439 304 -76
449 120 -76
262 292 -76
140 83 -76
294 397 -76
428 44 -76
40 208 -76
488 232 -76
38 235 -77
7 336 -77
423 400 -77
318 172 -77
169 242 -77
432 65 -77
79 498 -77
479 144 -77
81 19 -77
235 2 -78
62 473 -78
48 15 -78
138 486 -78
383 196 -78
488 325 -78
159 155 -78
74 110 -78
189 373 -78
183 31 -78
124 107 -78
121 303 -79
497 81 -79
57 248 -79
182 50 -79
392 231 -79
152 489 -79
454 250 -79
392 391 -79
493 395 -79
493 315 -79
196 154 -79
20 423 -79
160 384 -79
483 141 -79
492 420 -79
289 188 -80
98 78 -80
163 395 -80
43 62 -80
84 443 -80
154 170 -80
114 435 -80
304 164 -80
191 217 -80
165 18 -81
144 330 -81
317 113 -81
434 356 -81
198 92 -81
306 430 -81
452 168 -81
381 24 -81
284 5 -81
282 375 -81
192 363 -81
209 408 -81
282 194 -82
44 222 -82
252 243 -82
294 490 -82
474 25 -82
12 282 -82
149 35 -82
183 210 -82
455 342 -82
127 498 -82
443 123 -82
466 250 -82
36 162 -82
455 298 -83
216 212 -83
488 457 -83
59 195 -83
219 489 -83
407 448 -83
236 268 -83
191 493 -83
254 462 -83
127 398 -83
236 258 -84
406 325 -84
90 352 -84
311 144 -84
312 248 -84
236 146 -84
126 158 -84
269 77 -84
203 439 -84
236 3 -84
35 79 -84
390 395 -84
220 370 -84
245 389 -84
254 420 -85
277 492 -85
326 30 -85
343 132 -85
343 159 -85
231 254 -85
433 125 -85
438 454 -85
45 438 -85
366 358 -85
200 277 -85
462 406 -85
132 45 -85
194 421 -85
279 423 -85
162 171 -85
228 456 -85
77 146 -85
299 131 -85
311 118 -86
469 453 -86
131 54 -86
489 360 -86
61 145 -86
118 262 -86
385 264 -86
467 214 -86
101 388 -86
383 80 -86
417 264 -86
410 174 -87
472 229 -87
26 179 -87
347 293 -87
357 399 -87
304 148 -87
259 56 -87
483 239 -87
109 207 -87
219 435 -87
120 499 -87
455 436 -87
440 102 -88
19 492 -88
85 191 -88
188 358 -88
236 411 -88
194 452 -88
2 201 -88
107 335 -88
6 256 -88
48 449 -88
435 448 -88
206 173 -89
349 92 -89
359 317 -89
396 72 -89
226 80 -89
207 78 -89
50 336 -89
79 138 -89
242 31 -89
105 17 -89
432 480 -89
332 170 -89
243 177 -89
442 301 -89
78 263 -89
27 375 -89
326 473 -89
238 484 -89
407 144 -89
101 422 -90
363 82 -90
208 322 -90
221 150 -90
226 113 -90
375 233 -90
442 190 -90
433 85 -90
178 264 -90
462 147 -90
331 432 -90
43 491 -90
190 174 -90
353 483 -90
43 9 -90
393 110 -90
156 41 -90
213 355 -90
166 390 -91
351 282 -91
229 385 -91
82 316 -91
126 109 -91
371 499 -91
127 45 -91
316 479 -91
304 9 -91
233 143 -91
142 322 -91
467 49 -91
192 14 -92
476 477 -92
462 74 -92
128 161 -92
261 419 -92
412 99 -92
371 31 -92
386 490 -92
39 277 -93
96 60 -93
77 43 -93
412 287 -93
209 3 -93
438 408 -93
296 440 -93
208 256 -93
449 13 -93
203 99 -93
127 396 -93
461 23 -93
330 226 -93
409 269 -93
267 235 -93
316 55 -93
312 440 -93
318 449 -93
94 209 -93
317 89 -93
118 255 -93
429 358 -93
461 370 -93
276 260 -93
300 419 -93
479 181 -94
389 220 -94
27 138 -94
430 106 -94
94 289 -94
383 292 -94
56 167 -94
317 227 -94
93 253 -94
61 84 -94
443 462 -94
138 328 -94
417 10 -94
428 259 -94
263 198 -94
299 373 -94
311 370 -95
47 340 -95
372 229 -95
293 216 -95
458 77 -95
71 285 -95
201 156 -95
487 169 -95
410 261 -95
301 24 -95
50 256 -95
346 175 -95
412 171 -95
213 59 -95
354 297 -96
9 234 -96
12 346 -96
447 284 -96
70 6 -96
467 22 -96
462 18 -96
175 430 -96
76 33 -96
466 176 -96
200 237 -96
135 270 -96
111 398 -96
59 477 -96
39 101 -96
379 363 -96
35 64 -96
253 295 -97
301 178 -97
236 454 -97
244 478 -97
357 474 -97
132 474 -97
411 1 -97
11 106 -97
307 191 -97
152 357 -97
15 112 -97
346 269 -97
286 51 -97
355 375 -98
324 146 -98
137 325 -98
24 100 -98
301 469 -98
176 254 -98
11 373 -98
392 182 -98
88 365 -98
177 421 -98
167 219 -98
126 443 -98
228 254 -98
430 101 -98
81 264 -98
9 133 -98
327 308 -98
476 113 -98
70 362 -98
312 379 -98
368 438 -98
345 117 -99
272 420 -99
64 207 -99
105 436 -99
118 172 -99
427 105 -99
247 128 -99
50 482 -99
455 281 -99
294 334 -99
173 383 -99
323 318 -99
125 154 -99
483 411 -99
298 349 -99
227 62 -99
140 401 -99
61 485 -99
98 7 -99
151 262 -99
459 279 -99
295 119 -99
101 308 -99
55 37 -99
219 12 -99
488 245 -99
232 363 -100
487 468 -100
330 365 -100
151 414 -100
353 69 -100
346 131 -100
493 39 -100
424 245 -100
390 239 -100
412 256 -100
126 284 -100
357 237 -100
161 193 -100
443 148 -100
